mode: set
github.com/14kear/forum-project/forum-service/internal/services/forum/forum.go:51.10,59.2 1 1
github.com/14kear/forum-project/forum-service/internal/services/forum/forum.go:61.116,67.34 4 1
github.com/14kear/forum-project/forum-service/internal/services/forum/forum.go:67.34,71.3 3 1
github.com/14kear/forum-project/forum-service/internal/services/forum/forum.go:73.2,74.16 2 1
github.com/14kear/forum-project/forum-service/internal/services/forum/forum.go:74.16,76.3 1 1
github.com/14kear/forum-project/forum-service/internal/services/forum/forum.go:78.2,80.21 2 1
github.com/14kear/forum-project/forum-service/internal/services/forum/forum.go:83.73,90.16 5 1
github.com/14kear/forum-project/forum-service/internal/services/forum/forum.go:90.16,92.3 1 1
github.com/14kear/forum-project/forum-service/internal/services/forum/forum.go:94.2,96.20 2 1
github.com/14kear/forum-project/forum-service/internal/services/forum/forum.go:99.81,106.16 5 1
github.com/14kear/forum-project/forum-service/internal/services/forum/forum.go:106.16,108.3 1 1
github.com/14kear/forum-project/forum-service/internal/services/forum/forum.go:110.2,112.19 2 1
github.com/14kear/forum-project/forum-service/internal/services/forum/forum.go:115.78,122.16 5 1
github.com/14kear/forum-project/forum-service/internal/services/forum/forum.go:122.16,124.3 1 1
github.com/14kear/forum-project/forum-service/internal/services/forum/forum.go:126.2,126.24 1 1
github.com/14kear/forum-project/forum-service/internal/services/forum/forum.go:126.24,130.17 2 1
github.com/14kear/forum-project/forum-service/internal/services/forum/forum.go:130.17,132.4 1 1
github.com/14kear/forum-project/forum-service/internal/services/forum/forum.go:134.3,134.27 1 1
github.com/14kear/forum-project/forum-service/internal/services/forum/forum.go:134.27,136.4 1 1
github.com/14kear/forum-project/forum-service/internal/services/forum/forum.go:139.2,140.16 2 1
github.com/14kear/forum-project/forum-service/internal/services/forum/forum.go:140.16,142.3 1 1
github.com/14kear/forum-project/forum-service/internal/services/forum/forum.go:144.2,146.12 2 1
github.com/14kear/forum-project/forum-service/internal/services/forum/forum.go:149.124,155.19 4 1
github.com/14kear/forum-project/forum-service/internal/services/forum/forum.go:155.19,159.3 3 1
github.com/14kear/forum-project/forum-service/internal/services/forum/forum.go:161.2,162.16 2 1
github.com/14kear/forum-project/forum-service/internal/services/forum/forum.go:162.16,164.3 1 1
github.com/14kear/forum-project/forum-service/internal/services/forum/forum.go:166.2,168.23 2 1
github.com/14kear/forum-project/forum-service/internal/services/forum/forum.go:171.95,178.16 5 1
github.com/14kear/forum-project/forum-service/internal/services/forum/forum.go:178.16,180.3 1 1
github.com/14kear/forum-project/forum-service/internal/services/forum/forum.go:182.2,184.22 2 1
github.com/14kear/forum-project/forum-service/internal/services/forum/forum.go:187.98,194.16 5 1
github.com/14kear/forum-project/forum-service/internal/services/forum/forum.go:194.16,196.3 1 1
github.com/14kear/forum-project/forum-service/internal/services/forum/forum.go:198.2,200.21 2 1
github.com/14kear/forum-project/forum-service/internal/services/forum/forum.go:203.93,210.16 5 1
github.com/14kear/forum-project/forum-service/internal/services/forum/forum.go:210.16,212.3 1 1
github.com/14kear/forum-project/forum-service/internal/services/forum/forum.go:214.2,214.24 1 1
github.com/14kear/forum-project/forum-service/internal/services/forum/forum.go:214.24,218.17 2 1
github.com/14kear/forum-project/forum-service/internal/services/forum/forum.go:218.17,220.4 1 1
github.com/14kear/forum-project/forum-service/internal/services/forum/forum.go:222.3,222.27 1 1
github.com/14kear/forum-project/forum-service/internal/services/forum/forum.go:222.27,224.4 1 1
github.com/14kear/forum-project/forum-service/internal/services/forum/forum.go:227.2,228.16 2 1
github.com/14kear/forum-project/forum-service/internal/services/forum/forum.go:228.16,230.3 1 1
github.com/14kear/forum-project/forum-service/internal/services/forum/forum.go:232.2,234.12 2 1
github.com/14kear/forum-project/forum-service/internal/services/forum/forum.go:237.115,243.19 4 1
github.com/14kear/forum-project/forum-service/internal/services/forum/forum.go:243.19,247.3 3 1
github.com/14kear/forum-project/forum-service/internal/services/forum/forum.go:249.2,250.16 2 1
github.com/14kear/forum-project/forum-service/internal/services/forum/forum.go:250.16,252.3 1 1
github.com/14kear/forum-project/forum-service/internal/services/forum/forum.go:254.2,256.27 2 1
github.com/14kear/forum-project/forum-service/internal/services/forum/forum.go:259.85,266.16 5 1
github.com/14kear/forum-project/forum-service/internal/services/forum/forum.go:266.16,268.3 1 1
github.com/14kear/forum-project/forum-service/internal/services/forum/forum.go:270.2,272.26 2 1
github.com/14kear/forum-project/forum-service/internal/services/forum/forum.go:275.88,284.16 6 1
github.com/14kear/forum-project/forum-service/internal/services/forum/forum.go:284.16,287.3 2 1
github.com/14kear/forum-project/forum-service/internal/services/forum/forum.go:289.2,290.12 2 1
