mode: set
github.com/14kear/forum-project/forum-service/internal/app/app.go:24.91,26.16 2 1
github.com/14kear/forum-project/forum-service/internal/app/app.go:26.16,27.13 1 0
github.com/14kear/forum-project/forum-service/internal/app/app.go:31.2,32.16 2 1
github.com/14kear/forum-project/forum-service/internal/app/app.go:32.16,33.13 1 0
github.com/14kear/forum-project/forum-service/internal/app/app.go:36.2,56.12 9 1
github.com/14kear/forum-project/forum-service/internal/app/app.go:56.12,60.7 3 1
github.com/14kear/forum-project/forum-service/internal/app/app.go:60.7,61.11 1 1
github.com/14kear/forum-project/forum-service/internal/app/app.go:62.22,64.11 2 1
github.com/14kear/forum-project/forum-service/internal/app/app.go:65.20,70.19 4 0
github.com/14kear/forum-project/forum-service/internal/app/app.go:70.19,72.6 1 0
github.com/14kear/forum-project/forum-service/internal/app/app.go:77.2,77.12 1 1
github.com/14kear/forum-project/forum-service/internal/app/app.go:80.47,82.47 2 1
github.com/14kear/forum-project/forum-service/internal/app/app.go:82.47,84.3 1 0
github.com/14kear/forum-project/forum-service/internal/app/app.go:85.2,85.23 1 1
github.com/14kear/forum-project/forum-service/internal/app/http/app.go:29.8,43.2 4 1
github.com/14kear/forum-project/forum-service/internal/app/http/app.go:43.2,51.3 4 1
github.com/14kear/forum-project/forum-service/internal/app/http/app.go:54.2,54.38 1 1
github.com/14kear/forum-project/forum-service/internal/app/http/app.go:54.38,56.3 1 0
github.com/14kear/forum-project/forum-service/internal/app/http/app.go:58.2,69.3 3 1
github.com/14kear/forum-project/forum-service/internal/app/http/app.go:73.27,76.2 2 0
github.com/14kear/forum-project/forum-service/internal/app/http/app.go:79.47,82.2 2 1
github.com/14kear/forum-project/forum-service/internal/app/http/app.go:84.36,86.2 1 1
github.com/14kear/forum-project/forum-service/internal/config/config.go:23.32,26.16 3 1
github.com/14kear/forum-project/forum-service/internal/config/config.go:26.16,28.3 1 0
github.com/14kear/forum-project/forum-service/internal/config/config.go:29.2,29.16 1 1
github.com/14kear/forum-project/forum-service/internal/grpcclient/auth.go:12.47,16.2 1 1
github.com/14kear/forum-project/forum-service/internal/handlers/chat/chat.go:26.118,33.2 1 1
github.com/14kear/forum-project/forum-service/internal/handlers/chat/chat.go:36.42,38.3 1 1
github.com/14kear/forum-project/forum-service/internal/handlers/chat/chat.go:41.55,49.23 6 1
github.com/14kear/forum-project/forum-service/internal/handlers/chat/chat.go:49.23,53.3 3 1
github.com/14kear/forum-project/forum-service/internal/handlers/chat/chat.go:55.2,59.16 2 1
github.com/14kear/forum-project/forum-service/internal/handlers/chat/chat.go:59.16,65.3 5 1
github.com/14kear/forum-project/forum-service/internal/handlers/chat/chat.go:67.2,76.16 5 1
github.com/14kear/forum-project/forum-service/internal/handlers/chat/chat.go:76.16,79.3 2 0
github.com/14kear/forum-project/forum-service/internal/handlers/chat/chat.go:80.2,80.15 1 1
github.com/14kear/forum-project/forum-service/internal/handlers/chat/chat.go:80.15,81.38 1 1
github.com/14kear/forum-project/forum-service/internal/handlers/chat/chat.go:81.38,83.4 1 0
github.com/14kear/forum-project/forum-service/internal/handlers/chat/chat.go:86.2,88.6 2 1
github.com/14kear/forum-project/forum-service/internal/handlers/chat/chat.go:88.6,93.50 2 1
github.com/14kear/forum-project/forum-service/internal/handlers/chat/chat.go:93.50,94.45 1 1
github.com/14kear/forum-project/forum-service/internal/handlers/chat/chat.go:94.45,96.5 1 1
github.com/14kear/forum-project/forum-service/internal/handlers/chat/chat.go:96.10,98.5 1 1
github.com/14kear/forum-project/forum-service/internal/handlers/chat/chat.go:99.4,99.9 1 1
github.com/14kear/forum-project/forum-service/internal/handlers/chat/chat.go:102.3,105.17 3 1
github.com/14kear/forum-project/forum-service/internal/handlers/chat/chat.go:105.17,111.9 3 0
github.com/14kear/forum-project/forum-service/internal/handlers/chat/chat.go:114.3,121.50 2 1
github.com/14kear/forum-project/forum-service/internal/handlers/chat/chat.go:121.50,123.9 2 0
github.com/14kear/forum-project/forum-service/internal/handlers/chat/chat.go:128.55,133.16 4 1
github.com/14kear/forum-project/forum-service/internal/handlers/chat/chat.go:133.16,137.3 3 0
github.com/14kear/forum-project/forum-service/internal/handlers/chat/chat.go:139.2,140.29 2 1
github.com/14kear/forum-project/forum-service/internal/handlers/chat/chat.go:140.29,147.3 1 1
github.com/14kear/forum-project/forum-service/internal/handlers/chat/chat.go:149.2,149.33 1 1
github.com/14kear/forum-project/forum-service/internal/handlers/forum/forum.go:23.63,25.2 1 1
github.com/14kear/forum-project/forum-service/internal/handlers/forum/forum.go:27.52,29.47 2 1
github.com/14kear/forum-project/forum-service/internal/handlers/forum/forum.go:29.47,32.3 2 1
github.com/14kear/forum-project/forum-service/internal/handlers/forum/forum.go:34.2,35.13 2 1
github.com/14kear/forum-project/forum-service/internal/handlers/forum/forum.go:35.13,38.3 2 0
github.com/14kear/forum-project/forum-service/internal/handlers/forum/forum.go:40.2,41.9 2 1
github.com/14kear/forum-project/forum-service/internal/handlers/forum/forum.go:41.9,44.3 2 0
github.com/14kear/forum-project/forum-service/internal/handlers/forum/forum.go:46.2,47.13 2 1
github.com/14kear/forum-project/forum-service/internal/handlers/forum/forum.go:47.13,50.3 2 0
github.com/14kear/forum-project/forum-service/internal/handlers/forum/forum.go:52.2,53.9 2 1
github.com/14kear/forum-project/forum-service/internal/handlers/forum/forum.go:53.9,56.3 2 0
github.com/14kear/forum-project/forum-service/internal/handlers/forum/forum.go:58.2,59.16 2 1
github.com/14kear/forum-project/forum-service/internal/handlers/forum/forum.go:59.16,62.3 2 0
github.com/14kear/forum-project/forum-service/internal/handlers/forum/forum.go:64.2,64.56 1 1
github.com/14kear/forum-project/forum-service/internal/handlers/forum/forum.go:67.51,69.16 2 1
github.com/14kear/forum-project/forum-service/internal/handlers/forum/forum.go:69.16,72.3 2 0
github.com/14kear/forum-project/forum-service/internal/handlers/forum/forum.go:73.2,73.48 1 1
github.com/14kear/forum-project/forum-service/internal/handlers/forum/forum.go:76.53,79.16 3 1
github.com/14kear/forum-project/forum-service/internal/handlers/forum/forum.go:79.16,82.3 2 1
github.com/14kear/forum-project/forum-service/internal/handlers/forum/forum.go:84.2,85.16 2 1
github.com/14kear/forum-project/forum-service/internal/handlers/forum/forum.go:85.16,88.3 2 1
github.com/14kear/forum-project/forum-service/internal/handlers/forum/forum.go:90.2,90.46 1 1
github.com/14kear/forum-project/forum-service/internal/handlers/forum/forum.go:94.52,98.16 3 1
github.com/14kear/forum-project/forum-service/internal/handlers/forum/forum.go:98.16,101.3 2 1
github.com/14kear/forum-project/forum-service/internal/handlers/forum/forum.go:103.2,104.13 2 1
github.com/14kear/forum-project/forum-service/internal/handlers/forum/forum.go:104.13,107.3 2 0
github.com/14kear/forum-project/forum-service/internal/handlers/forum/forum.go:109.2,110.9 2 1
github.com/14kear/forum-project/forum-service/internal/handlers/forum/forum.go:110.9,113.3 2 0
github.com/14kear/forum-project/forum-service/internal/handlers/forum/forum.go:115.2,116.16 2 1
github.com/14kear/forum-project/forum-service/internal/handlers/forum/forum.go:116.16,119.3 2 1
github.com/14kear/forum-project/forum-service/internal/handlers/forum/forum.go:121.2,121.39 1 1
github.com/14kear/forum-project/forum-service/internal/handlers/forum/forum.go:124.54,126.47 2 1
github.com/14kear/forum-project/forum-service/internal/handlers/forum/forum.go:126.47,129.3 2 1
github.com/14kear/forum-project/forum-service/internal/handlers/forum/forum.go:131.2,132.13 2 1
github.com/14kear/forum-project/forum-service/internal/handlers/forum/forum.go:132.13,135.3 2 0
github.com/14kear/forum-project/forum-service/internal/handlers/forum/forum.go:137.2,138.9 2 1
github.com/14kear/forum-project/forum-service/internal/handlers/forum/forum.go:138.9,141.3 2 0
github.com/14kear/forum-project/forum-service/internal/handlers/forum/forum.go:143.2,144.13 2 1
github.com/14kear/forum-project/forum-service/internal/handlers/forum/forum.go:144.13,147.3 2 0
github.com/14kear/forum-project/forum-service/internal/handlers/forum/forum.go:149.2,150.9 2 1
github.com/14kear/forum-project/forum-service/internal/handlers/forum/forum.go:150.9,153.3 2 0
github.com/14kear/forum-project/forum-service/internal/handlers/forum/forum.go:155.2,158.16 3 1
github.com/14kear/forum-project/forum-service/internal/handlers/forum/forum.go:158.16,161.3 2 0
github.com/14kear/forum-project/forum-service/internal/handlers/forum/forum.go:163.2,164.16 2 1
github.com/14kear/forum-project/forum-service/internal/handlers/forum/forum.go:164.16,167.3 2 1
github.com/14kear/forum-project/forum-service/internal/handlers/forum/forum.go:169.2,169.60 1 1
github.com/14kear/forum-project/forum-service/internal/handlers/forum/forum.go:172.60,175.16 3 1
github.com/14kear/forum-project/forum-service/internal/handlers/forum/forum.go:175.16,178.3 2 1
github.com/14kear/forum-project/forum-service/internal/handlers/forum/forum.go:180.2,181.16 2 1
github.com/14kear/forum-project/forum-service/internal/handlers/forum/forum.go:181.16,184.3 2 1
github.com/14kear/forum-project/forum-service/internal/handlers/forum/forum.go:186.2,186.52 1 1
github.com/14kear/forum-project/forum-service/internal/handlers/forum/forum.go:189.55,192.16 3 1
github.com/14kear/forum-project/forum-service/internal/handlers/forum/forum.go:192.16,195.3 2 1
github.com/14kear/forum-project/forum-service/internal/handlers/forum/forum.go:197.2,199.16 3 1
github.com/14kear/forum-project/forum-service/internal/handlers/forum/forum.go:199.16,202.3 2 1
github.com/14kear/forum-project/forum-service/internal/handlers/forum/forum.go:204.2,205.16 2 1
github.com/14kear/forum-project/forum-service/internal/handlers/forum/forum.go:205.16,208.3 2 1
github.com/14kear/forum-project/forum-service/internal/handlers/forum/forum.go:210.2,210.50 1 1
github.com/14kear/forum-project/forum-service/internal/handlers/forum/forum.go:213.54,216.16 3 1
github.com/14kear/forum-project/forum-service/internal/handlers/forum/forum.go:216.16,219.3 2 1
github.com/14kear/forum-project/forum-service/internal/handlers/forum/forum.go:221.2,223.16 3 1
github.com/14kear/forum-project/forum-service/internal/handlers/forum/forum.go:223.16,226.3 2 1
github.com/14kear/forum-project/forum-service/internal/handlers/forum/forum.go:228.2,229.13 2 1
github.com/14kear/forum-project/forum-service/internal/handlers/forum/forum.go:229.13,232.3 2 0
github.com/14kear/forum-project/forum-service/internal/handlers/forum/forum.go:234.2,235.9 2 1
github.com/14kear/forum-project/forum-service/internal/handlers/forum/forum.go:235.9,238.3 2 0
github.com/14kear/forum-project/forum-service/internal/handlers/forum/forum.go:240.2,241.16 2 1
github.com/14kear/forum-project/forum-service/internal/handlers/forum/forum.go:241.16,244.3 2 1
github.com/14kear/forum-project/forum-service/internal/handlers/forum/forum.go:246.2,246.39 1 1
github.com/14kear/forum-project/forum-service/internal/middleware/auth.go:17.80,19.2 1 1
github.com/14kear/forum-project/forum-service/internal/middleware/auth.go:21.55,22.30 1 1
github.com/14kear/forum-project/forum-service/internal/middleware/auth.go:22.30,24.54 1 1
github.com/14kear/forum-project/forum-service/internal/middleware/auth.go:24.54,27.4 2 0
github.com/14kear/forum-project/forum-service/internal/middleware/auth.go:30.3,35.24 4 1
github.com/14kear/forum-project/forum-service/internal/middleware/auth.go:35.24,38.4 2 1
github.com/14kear/forum-project/forum-service/internal/middleware/auth.go:40.3,47.17 3 1
github.com/14kear/forum-project/forum-service/internal/middleware/auth.go:47.17,52.4 4 1
github.com/14kear/forum-project/forum-service/internal/middleware/auth.go:55.3,56.70 2 1
github.com/14kear/forum-project/forum-service/internal/middleware/auth.go:56.70,59.4 2 1
github.com/14kear/forum-project/forum-service/internal/middleware/auth.go:62.3,67.17 2 1
github.com/14kear/forum-project/forum-service/internal/middleware/auth.go:67.17,70.4 2 1
github.com/14kear/forum-project/forum-service/internal/middleware/auth.go:72.3,77.17 2 1
github.com/14kear/forum-project/forum-service/internal/middleware/auth.go:77.17,80.4 2 0
github.com/14kear/forum-project/forum-service/internal/middleware/auth.go:83.3,93.11 7 1
github.com/14kear/forum-project/forum-service/internal/middleware/auth.go:97.51,98.18 1 1
github.com/14kear/forum-project/forum-service/internal/middleware/auth.go:98.18,100.3 1 1
github.com/14kear/forum-project/forum-service/internal/middleware/auth.go:101.2,102.45 2 1
github.com/14kear/forum-project/forum-service/internal/middleware/auth.go:102.45,104.3 1 0
github.com/14kear/forum-project/forum-service/internal/middleware/auth.go:105.2,105.17 1 1
github.com/14kear/forum-project/forum-service/internal/routes/routes.go:9.108,10.2 1 1
github.com/14kear/forum-project/forum-service/internal/routes/routes.go:10.2,19.3 6 1
github.com/14kear/forum-project/forum-service/internal/routes/routes.go:22.78,23.2 1 1
github.com/14kear/forum-project/forum-service/internal/routes/routes.go:23.2,29.3 4 1
github.com/14kear/forum-project/forum-service/internal/services/forum/forum.go:51.10,59.2 1 1
github.com/14kear/forum-project/forum-service/internal/services/forum/forum.go:61.116,67.34 4 1
github.com/14kear/forum-project/forum-service/internal/services/forum/forum.go:67.34,71.3 3 0
github.com/14kear/forum-project/forum-service/internal/services/forum/forum.go:73.2,74.16 2 1
github.com/14kear/forum-project/forum-service/internal/services/forum/forum.go:74.16,76.3 1 0
github.com/14kear/forum-project/forum-service/internal/services/forum/forum.go:78.2,80.21 2 1
github.com/14kear/forum-project/forum-service/internal/services/forum/forum.go:83.73,90.16 5 1
github.com/14kear/forum-project/forum-service/internal/services/forum/forum.go:90.16,92.3 1 0
github.com/14kear/forum-project/forum-service/internal/services/forum/forum.go:94.2,96.20 2 1
github.com/14kear/forum-project/forum-service/internal/services/forum/forum.go:99.81,106.16 5 1
github.com/14kear/forum-project/forum-service/internal/services/forum/forum.go:106.16,108.3 1 1
github.com/14kear/forum-project/forum-service/internal/services/forum/forum.go:110.2,112.19 2 1
github.com/14kear/forum-project/forum-service/internal/services/forum/forum.go:115.78,122.16 5 1
github.com/14kear/forum-project/forum-service/internal/services/forum/forum.go:122.16,124.3 1 1
github.com/14kear/forum-project/forum-service/internal/services/forum/forum.go:126.2,126.24 1 1
github.com/14kear/forum-project/forum-service/internal/services/forum/forum.go:126.24,130.17 2 0
github.com/14kear/forum-project/forum-service/internal/services/forum/forum.go:130.17,132.4 1 0
github.com/14kear/forum-project/forum-service/internal/services/forum/forum.go:134.3,134.27 1 0
github.com/14kear/forum-project/forum-service/internal/services/forum/forum.go:134.27,136.4 1 0
github.com/14kear/forum-project/forum-service/internal/services/forum/forum.go:139.2,140.16 2 1
github.com/14kear/forum-project/forum-service/internal/services/forum/forum.go:140.16,142.3 1 0
github.com/14kear/forum-project/forum-service/internal/services/forum/forum.go:144.2,146.12 2 1
github.com/14kear/forum-project/forum-service/internal/services/forum/forum.go:149.124,155.19 4 1
github.com/14kear/forum-project/forum-service/internal/services/forum/forum.go:155.19,159.3 3 0
github.com/14kear/forum-project/forum-service/internal/services/forum/forum.go:161.2,162.16 2 1
github.com/14kear/forum-project/forum-service/internal/services/forum/forum.go:162.16,164.3 1 1
github.com/14kear/forum-project/forum-service/internal/services/forum/forum.go:166.2,168.23 2 1
github.com/14kear/forum-project/forum-service/internal/services/forum/forum.go:171.95,178.16 5 1
github.com/14kear/forum-project/forum-service/internal/services/forum/forum.go:178.16,180.3 1 1
github.com/14kear/forum-project/forum-service/internal/services/forum/forum.go:182.2,184.22 2 1
github.com/14kear/forum-project/forum-service/internal/services/forum/forum.go:187.98,194.16 5 1
github.com/14kear/forum-project/forum-service/internal/services/forum/forum.go:194.16,196.3 1 1
github.com/14kear/forum-project/forum-service/internal/services/forum/forum.go:198.2,200.21 2 1
github.com/14kear/forum-project/forum-service/internal/services/forum/forum.go:203.93,210.16 5 1
github.com/14kear/forum-project/forum-service/internal/services/forum/forum.go:210.16,212.3 1 1
github.com/14kear/forum-project/forum-service/internal/services/forum/forum.go:214.2,214.24 1 1
github.com/14kear/forum-project/forum-service/internal/services/forum/forum.go:214.24,218.17 2 0
github.com/14kear/forum-project/forum-service/internal/services/forum/forum.go:218.17,220.4 1 0
github.com/14kear/forum-project/forum-service/internal/services/forum/forum.go:222.3,222.27 1 0
github.com/14kear/forum-project/forum-service/internal/services/forum/forum.go:222.27,224.4 1 0
github.com/14kear/forum-project/forum-service/internal/services/forum/forum.go:227.2,228.16 2 1
github.com/14kear/forum-project/forum-service/internal/services/forum/forum.go:228.16,230.3 1 0
github.com/14kear/forum-project/forum-service/internal/services/forum/forum.go:232.2,234.12 2 1
github.com/14kear/forum-project/forum-service/internal/services/forum/forum.go:237.115,243.19 4 1
github.com/14kear/forum-project/forum-service/internal/services/forum/forum.go:243.19,247.3 3 0
github.com/14kear/forum-project/forum-service/internal/services/forum/forum.go:249.2,250.16 2 1
github.com/14kear/forum-project/forum-service/internal/services/forum/forum.go:250.16,252.3 1 0
github.com/14kear/forum-project/forum-service/internal/services/forum/forum.go:254.2,256.27 2 1
github.com/14kear/forum-project/forum-service/internal/services/forum/forum.go:259.85,266.16 5 1
github.com/14kear/forum-project/forum-service/internal/services/forum/forum.go:266.16,268.3 1 0
github.com/14kear/forum-project/forum-service/internal/services/forum/forum.go:270.2,272.26 2 1
github.com/14kear/forum-project/forum-service/internal/services/forum/forum.go:275.88,284.16 6 1
github.com/14kear/forum-project/forum-service/internal/services/forum/forum.go:284.16,287.3 2 0
github.com/14kear/forum-project/forum-service/internal/services/forum/forum.go:289.2,290.12 2 1
github.com/14kear/forum-project/forum-service/internal/storage/postgres/postgres.go:18.48,22.16 3 1
github.com/14kear/forum-project/forum-service/internal/storage/postgres/postgres.go:22.16,24.3 1 0
github.com/14kear/forum-project/forum-service/internal/storage/postgres/postgres.go:26.2,26.34 1 1
github.com/14kear/forum-project/forum-service/internal/storage/postgres/postgres.go:26.34,28.3 1 0
github.com/14kear/forum-project/forum-service/internal/storage/postgres/postgres.go:30.2,30.30 1 1
github.com/14kear/forum-project/forum-service/internal/storage/postgres/postgres.go:33.116,36.17 2 1
github.com/14kear/forum-project/forum-service/internal/storage/postgres/postgres.go:36.17,38.3 1 0
github.com/14kear/forum-project/forum-service/internal/storage/postgres/postgres.go:40.2,41.16 2 1
github.com/14kear/forum-project/forum-service/internal/storage/postgres/postgres.go:41.16,43.3 1 0
github.com/14kear/forum-project/forum-service/internal/storage/postgres/postgres.go:44.2,48.16 4 1
github.com/14kear/forum-project/forum-service/internal/storage/postgres/postgres.go:48.16,50.3 1 0
github.com/14kear/forum-project/forum-service/internal/storage/postgres/postgres.go:52.2,52.16 1 1
github.com/14kear/forum-project/forum-service/internal/storage/postgres/postgres.go:55.80,59.16 3 1
github.com/14kear/forum-project/forum-service/internal/storage/postgres/postgres.go:59.16,61.3 1 0
github.com/14kear/forum-project/forum-service/internal/storage/postgres/postgres.go:62.2,66.16 4 1
github.com/14kear/forum-project/forum-service/internal/storage/postgres/postgres.go:66.16,67.36 1 1
github.com/14kear/forum-project/forum-service/internal/storage/postgres/postgres.go:67.36,69.4 1 1
github.com/14kear/forum-project/forum-service/internal/storage/postgres/postgres.go:70.3,70.55 1 0
github.com/14kear/forum-project/forum-service/internal/storage/postgres/postgres.go:73.2,73.19 1 1
github.com/14kear/forum-project/forum-service/internal/storage/postgres/postgres.go:76.71,84.16 3 1
github.com/14kear/forum-project/forum-service/internal/storage/postgres/postgres.go:84.16,86.3 1 0
github.com/14kear/forum-project/forum-service/internal/storage/postgres/postgres.go:87.2,90.18 3 1
github.com/14kear/forum-project/forum-service/internal/storage/postgres/postgres.go:90.18,92.127 2 1
github.com/14kear/forum-project/forum-service/internal/storage/postgres/postgres.go:92.127,94.4 1 0
github.com/14kear/forum-project/forum-service/internal/storage/postgres/postgres.go:95.3,95.33 1 1
github.com/14kear/forum-project/forum-service/internal/storage/postgres/postgres.go:98.2,98.35 1 1
github.com/14kear/forum-project/forum-service/internal/storage/postgres/postgres.go:98.35,100.3 1 0
github.com/14kear/forum-project/forum-service/internal/storage/postgres/postgres.go:102.2,102.20 1 1
github.com/14kear/forum-project/forum-service/internal/storage/postgres/postgres.go:105.66,109.16 3 1
github.com/14kear/forum-project/forum-service/internal/storage/postgres/postgres.go:109.16,111.3 1 0
github.com/14kear/forum-project/forum-service/internal/storage/postgres/postgres.go:112.2,115.16 3 1
github.com/14kear/forum-project/forum-service/internal/storage/postgres/postgres.go:115.16,117.3 1 0
github.com/14kear/forum-project/forum-service/internal/storage/postgres/postgres.go:119.2,120.16 2 1
github.com/14kear/forum-project/forum-service/internal/storage/postgres/postgres.go:120.16,122.3 1 0
github.com/14kear/forum-project/forum-service/internal/storage/postgres/postgres.go:123.2,123.23 1 1
github.com/14kear/forum-project/forum-service/internal/storage/postgres/postgres.go:123.23,125.3 1 0
github.com/14kear/forum-project/forum-service/internal/storage/postgres/postgres.go:127.2,127.12 1 1
github.com/14kear/forum-project/forum-service/internal/storage/postgres/postgres.go:130.124,134.16 3 1
github.com/14kear/forum-project/forum-service/internal/storage/postgres/postgres.go:134.16,136.3 1 0
github.com/14kear/forum-project/forum-service/internal/storage/postgres/postgres.go:137.2,141.16 4 1
github.com/14kear/forum-project/forum-service/internal/storage/postgres/postgres.go:141.16,143.3 1 1
github.com/14kear/forum-project/forum-service/internal/storage/postgres/postgres.go:145.2,145.16 1 1
github.com/14kear/forum-project/forum-service/internal/storage/postgres/postgres.go:148.93,152.16 3 1
github.com/14kear/forum-project/forum-service/internal/storage/postgres/postgres.go:152.16,154.3 1 0
github.com/14kear/forum-project/forum-service/internal/storage/postgres/postgres.go:155.2,166.16 4 1
github.com/14kear/forum-project/forum-service/internal/storage/postgres/postgres.go:166.16,167.36 1 1
github.com/14kear/forum-project/forum-service/internal/storage/postgres/postgres.go:167.36,169.4 1 1
github.com/14kear/forum-project/forum-service/internal/storage/postgres/postgres.go:170.3,170.57 1 0
github.com/14kear/forum-project/forum-service/internal/storage/postgres/postgres.go:173.2,173.21 1 1
github.com/14kear/forum-project/forum-service/internal/storage/postgres/postgres.go:176.97,185.16 3 1
github.com/14kear/forum-project/forum-service/internal/storage/postgres/postgres.go:185.16,187.3 1 1
github.com/14kear/forum-project/forum-service/internal/storage/postgres/postgres.go:188.2,191.18 3 1
github.com/14kear/forum-project/forum-service/internal/storage/postgres/postgres.go:191.18,200.17 2 1
github.com/14kear/forum-project/forum-service/internal/storage/postgres/postgres.go:200.17,202.4 1 0
github.com/14kear/forum-project/forum-service/internal/storage/postgres/postgres.go:203.3,203.39 1 1
github.com/14kear/forum-project/forum-service/internal/storage/postgres/postgres.go:206.2,206.35 1 1
github.com/14kear/forum-project/forum-service/internal/storage/postgres/postgres.go:206.35,208.3 1 0
github.com/14kear/forum-project/forum-service/internal/storage/postgres/postgres.go:210.2,210.22 1 1
github.com/14kear/forum-project/forum-service/internal/storage/postgres/postgres.go:213.81,217.16 3 1
github.com/14kear/forum-project/forum-service/internal/storage/postgres/postgres.go:217.16,219.3 1 0
github.com/14kear/forum-project/forum-service/internal/storage/postgres/postgres.go:221.2,222.16 2 1
github.com/14kear/forum-project/forum-service/internal/storage/postgres/postgres.go:222.16,224.3 1 0
github.com/14kear/forum-project/forum-service/internal/storage/postgres/postgres.go:225.2,225.23 1 1
github.com/14kear/forum-project/forum-service/internal/storage/postgres/postgres.go:225.23,227.3 1 0
github.com/14kear/forum-project/forum-service/internal/storage/postgres/postgres.go:229.2,229.12 1 1
github.com/14kear/forum-project/forum-service/internal/storage/postgres/postgres.go:232.115,236.16 3 1
github.com/14kear/forum-project/forum-service/internal/storage/postgres/postgres.go:236.16,238.3 1 0
github.com/14kear/forum-project/forum-service/internal/storage/postgres/postgres.go:239.2,243.16 4 1
github.com/14kear/forum-project/forum-service/internal/storage/postgres/postgres.go:243.16,245.3 1 0
github.com/14kear/forum-project/forum-service/internal/storage/postgres/postgres.go:247.2,247.16 1 1
github.com/14kear/forum-project/forum-service/internal/storage/postgres/postgres.go:250.83,258.16 3 1
github.com/14kear/forum-project/forum-service/internal/storage/postgres/postgres.go:258.16,260.3 1 0
github.com/14kear/forum-project/forum-service/internal/storage/postgres/postgres.go:261.2,264.18 3 1
github.com/14kear/forum-project/forum-service/internal/storage/postgres/postgres.go:264.18,266.103 2 1
github.com/14kear/forum-project/forum-service/internal/storage/postgres/postgres.go:266.103,268.4 1 0
github.com/14kear/forum-project/forum-service/internal/storage/postgres/postgres.go:269.3,269.35 1 1
github.com/14kear/forum-project/forum-service/internal/storage/postgres/postgres.go:272.2,272.35 1 1
github.com/14kear/forum-project/forum-service/internal/storage/postgres/postgres.go:272.35,274.3 1 0
github.com/14kear/forum-project/forum-service/internal/storage/postgres/postgres.go:276.2,276.22 1 1
github.com/14kear/forum-project/forum-service/internal/storage/postgres/postgres.go:279.89,283.16 3 1
github.com/14kear/forum-project/forum-service/internal/storage/postgres/postgres.go:283.16,285.3 1 0
github.com/14kear/forum-project/forum-service/internal/storage/postgres/postgres.go:286.2,289.16 3 1
github.com/14kear/forum-project/forum-service/internal/storage/postgres/postgres.go:289.16,291.3 1 0
github.com/14kear/forum-project/forum-service/internal/storage/postgres/postgres.go:293.2,294.16 2 1
github.com/14kear/forum-project/forum-service/internal/storage/postgres/postgres.go:294.16,296.3 1 0
github.com/14kear/forum-project/forum-service/internal/storage/postgres/postgres.go:298.2,298.23 1 1
github.com/14kear/forum-project/forum-service/internal/storage/postgres/postgres.go:298.23,300.3 1 0
github.com/14kear/forum-project/forum-service/internal/storage/postgres/postgres.go:302.2,302.12 1 1
github.com/14kear/forum-project/forum-service/internal/storage/postgres/postgres.go:305.85,310.16 4 1
github.com/14kear/forum-project/forum-service/internal/storage/postgres/postgres.go:310.16,312.3 1 1
github.com/14kear/forum-project/forum-service/internal/storage/postgres/postgres.go:314.2,314.22 1 1
github.com/14kear/forum-project/forum-service/internal/storage/postgres/postgres.go:317.82,322.16 4 1
github.com/14kear/forum-project/forum-service/internal/storage/postgres/postgres.go:322.16,324.3 1 1
github.com/14kear/forum-project/forum-service/internal/storage/postgres/postgres.go:326.2,326.22 1 1
github.com/14kear/forum-project/forum-service/tests/suite/suite.go:31.50,46.19 10 1
github.com/14kear/forum-project/forum-service/tests/suite/suite.go:46.19,51.3 4 1
github.com/14kear/forum-project/forum-service/tests/suite/suite.go:53.2,66.3 3 1
github.com/14kear/forum-project/forum-service/utils/logger.go:15.35,16.13 1 1
github.com/14kear/forum-project/forum-service/utils/logger.go:17.16,18.21 1 1
github.com/14kear/forum-project/forum-service/utils/logger.go:19.10,20.96 1 0
github.com/14kear/forum-project/forum-service/utils/logger.go:24.31,31.2 2 1
